#-----------------------------------------------------------
# Webtalk v2018.2 (64-bit)
# SW Build 2258646 on Thu Jun 14 20:03:12 MDT 2018
# 
# Start of session at: Tue Jun  8 15:19:21 2021
# Process ID: 7188
# Current directory: E:/VIVADO_FPGA/Am_Ip_basique/Am_Ip_basique.sdk/webtalk
# Command line: wbtcv.exe -mode batch -source sdk_webtalk.tcl
# Log file: E:/VIVADO_FPGA/Am_Ip_basique/Am_Ip_basique.sdk/webtalk/webtalk.log
# Journal file: E:/VIVADO_FPGA/Am_Ip_basique/Am_Ip_basique.sdk/webtalk\webtalk.jou
#-----------------------------------------------------------
source sdk_webtalk.tcl
# webtalk_init -webtalk_dir E:\\VIVADO_FPGA\\Am_Ip_basique\\Am_Ip_basique.sdk\\webtalk
# webtalk_register_client -client project
# webtalk_add_data -client project -key date_generated -value "2021-06-08 15:19:20" -context "software_version_and_target_device"
# webtalk_add_data -client project -key product_version -value "SDK v2018.2" -context "software_version_and_target_device"
# webtalk_add_data -client project -key build_version -value "2018.2" -context "software_version_and_target_device"
# webtalk_add_data -client project -key os_platform -value "amd64" -context "software_version_and_target_device"
# webtalk_add_data -client project -key registration_id -value "" -context "software_version_and_target_device"
# webtalk_add_data -client project -key tool_flow -value "SDK" -context "software_version_and_target_device"
# webtalk_add_data -client project -key beta -value "false" -context "software_version_and_target_device"
# webtalk_add_data -client project -key route_design -value "NA" -context "software_version_and_target_device"
# webtalk_add_data -client project -key target_family -value "NA" -context "software_version_and_target_device"
# webtalk_add_data -client project -key target_device -value "NA" -context "software_version_and_target_device"
# webtalk_add_data -client project -key target_package -value "NA" -context "software_version_and_target_device"
# webtalk_add_data -client project -key target_speed -value "NA" -context "software_version_and_target_device"
# webtalk_add_data -client project -key random_id -value "mj3ekn27s93gd6p4ehd0k2psr7" -context "software_version_and_target_device"
# webtalk_add_data -client project -key project_id -value "2018.2_7" -context "software_version_and_target_device"
# webtalk_add_data -client project -key project_iteration -value "7" -context "software_version_and_target_device"
# webtalk_add_data -client project -key os_name -value "Microsoft Windows 8 or later , 64-bit" -context "user_environment"
# webtalk_add_data -client project -key os_release -value "major release  (build 9200)" -context "user_environment"
# webtalk_add_data -client project -key cpu_name -value "AMD Ryzen 7 4700U with Radeon Graphics         " -context "user_environment"
# webtalk_add_data -client project -key cpu_speed -value "1996 MHz" -context "user_environment"
# webtalk_add_data -client project -key total_processors -value "1" -context "user_environment"
# webtalk_add_data -client project -key system_ram -value "20.585 GB" -context "user_environment"
# webtalk_register_client -client sdk
# webtalk_add_data -client sdk -key uid -value "1623157534648" -context "sdk\\\\bsp/1623157534648"
# webtalk_add_data -client sdk -key hwid -value "1621423754094" -context "sdk\\\\bsp/1623157534648"
# webtalk_add_data -client sdk -key os -value "standalone" -context "sdk\\\\bsp/1623157534648"
# webtalk_add_data -client sdk -key apptemplate -value "null" -context "sdk\\\\bsp/1623157534648"
# webtalk_add_data -client sdk -key RecordType -value "BSPCreation" -context "sdk\\\\bsp/1623157534648"
# webtalk_add_data -client sdk -key uid -value "1623157749652" -context "sdk\\\\bsp/1623157749652"
# webtalk_add_data -client sdk -key hwid -value "1621423754094" -context "sdk\\\\bsp/1623157749652"
# webtalk_add_data -client sdk -key os -value "standalone" -context "sdk\\\\bsp/1623157749652"
# webtalk_add_data -client sdk -key apptemplate -value "null" -context "sdk\\\\bsp/1623157749652"
# webtalk_add_data -client sdk -key RecordType -value "BSPCreation" -context "sdk\\\\bsp/1623157749652"
# webtalk_add_data -client sdk -key uid -value "1623157862871" -context "sdk\\\\application/1623157862871"
# webtalk_add_data -client sdk -key hwid -value "1621423754094" -context "sdk\\\\application/1623157862871"
# webtalk_add_data -client sdk -key bspid -value "1623157749652" -context "sdk\\\\application/1623157862871"
# webtalk_add_data -client sdk -key newbsp -value "false" -context "sdk\\\\application/1623157862871"
# webtalk_add_data -client sdk -key os -value "standalone" -context "sdk\\\\application/1623157862871"
# webtalk_add_data -client sdk -key apptemplate -value "zynq_fsbl" -context "sdk\\\\application/1623157862871"
# webtalk_add_data -client sdk -key RecordType -value "APPCreation" -context "sdk\\\\application/1623157862871"
# webtalk_add_data -client sdk -key LangUsed -value "C" -context "sdk\\\\application/1623157862871"
# webtalk_add_data -client sdk -key Procused -value "ps7_cortexa9" -context "sdk\\\\application/1623157862871"
# webtalk_add_data -client sdk -key projSize -value "602.2734375" -context "sdk\\\\application/1623157862871"
# webtalk_add_data -client sdk -key uid -value "NA" -context "sdk\\\\bsp/1623158360158"
# webtalk_add_data -client sdk -key RecordType -value "ToolUsage" -context "sdk\\\\bsp/1623158360158"
# webtalk_add_data -client sdk -key BootgenCount -value "1" -context "sdk\\\\bsp/1623158360158"
# webtalk_add_data -client sdk -key DebugCount -value "0" -context "sdk\\\\bsp/1623158360158"
# webtalk_add_data -client sdk -key PerfCount -value "0" -context "sdk\\\\bsp/1623158360158"
# webtalk_add_data -client sdk -key FlashCount -value "0" -context "sdk\\\\bsp/1623158360158"
# webtalk_add_data -client sdk -key CrossTriggCount -value "0" -context "sdk\\\\bsp/1623158360158"
# webtalk_add_data -client sdk -key QemuDebugCount -value "0" -context "sdk\\\\bsp/1623158360158"
# webtalk_transmit -clientid 2944753837 -regid "" -xml E:\\VIVADO_FPGA\\Am_Ip_basique\\Am_Ip_basique.sdk\\webtalk\\usage_statistics_ext_sdk.xml -html E:\\VIVADO_FPGA\\Am_Ip_basique\\Am_Ip_basique.sdk\\webtalk\\usage_statistics_ext_sdk.html -wdm E:\\VIVADO_FPGA\\Am_Ip_basique\\Am_Ip_basique.sdk\\webtalk\\sdk_webtalk.wdm -intro "<H3>SDK Usage Report</H3><BR>"
# webtalk_terminate
INFO: [Common 17-206] Exiting Webtalk at Tue Jun  8 15:19:23 2021...
